2026-02-25 19:21:49,134 - __main__ - INFO - Signal database initialized at /Users/Honeybot/.openclaw/workspace/trading/signals.db
2026-02-25 19:21:49,134 - __main__ - INFO - 
============================================================
2026-02-25 19:21:49,134 - __main__ - INFO - MULTI-TICKER GEX SCAN - 2026-02-25 19:21
2026-02-25 19:21:49,134 - __main__ - INFO - Watchlist: SPY, QQQ, NVDA, TSLA, AMD, AAPL, MSFT, AMZN, META, GOOGL
2026-02-25 19:21:49,134 - __main__ - INFO - ============================================================

2026-02-25 19:21:49,134 - __main__ - INFO - 
==================================================
2026-02-25 19:21:49,134 - __main__ - INFO - Scanning SPY
2026-02-25 19:21:49,134 - __main__ - INFO - ==================================================
2026-02-25 19:21:49,666 - __main__ - INFO - Price: $693.15
2026-02-25 19:21:49,878 - __main__ - INFO - Using expiration: 2026-02-26 (1 days)
2026-02-25 19:21:49,904 - __main__ - INFO - Key GEX levels: [(695.0, '$243,522'), (690.0, '$187,320'), (698.0, '$181,863')]
2026-02-25 19:21:49,909 - __main__ - INFO - ⏸️ No signal - Reasons: GEX $243,522 at 695.0 - no clear signal
2026-02-25 19:21:49,909 - __main__ - INFO - 
==================================================
2026-02-25 19:21:49,909 - __main__ - INFO - Scanning QQQ
2026-02-25 19:21:49,909 - __main__ - INFO - ==================================================
2026-02-25 19:21:50,025 - __main__ - INFO - Price: $616.68
2026-02-25 19:21:50,259 - __main__ - INFO - Using expiration: 2026-02-26 (1 days)
2026-02-25 19:21:50,265 - __main__ - INFO - Key GEX levels: [(620.0, '$92,159'), (623.0, '$84,334'), (615.0, '$78,544')]
2026-02-25 19:21:50,267 - __main__ - INFO - ⏸️ No signal - Reasons: GEX $78,544 at 615.0 - no clear signal
2026-02-25 19:21:50,267 - __main__ - INFO - 
==================================================
2026-02-25 19:21:50,267 - __main__ - INFO - Scanning NVDA
2026-02-25 19:21:50,267 - __main__ - INFO - ==================================================
2026-02-25 19:21:50,350 - __main__ - INFO - Price: $195.56
2026-02-25 19:21:50,567 - __main__ - INFO - Using expiration: 2026-02-27 (2 days)
2026-02-25 19:21:50,584 - __main__ - INFO - Key GEX levels: [(200.0, '$578,627'), (195.0, '$524,953'), (190.0, '$361,687')]
2026-02-25 19:21:50,587 - __main__ - INFO - ⏸️ No signal - Reasons: GEX $524,953 at 195.0 - no clear signal
2026-02-25 19:21:50,588 - __main__ - INFO - 
==================================================
2026-02-25 19:21:50,588 - __main__ - INFO - Scanning TSLA
2026-02-25 19:21:50,588 - __main__ - INFO - ==================================================
2026-02-25 19:21:50,829 - __main__ - INFO - Price: $417.40
2026-02-25 19:21:51,078 - __main__ - INFO - Using expiration: 2026-02-27 (2 days)
2026-02-25 19:21:51,102 - __main__ - INFO - Key GEX levels: [(420.0, '$288,635'), (425.0, '$234,888'), (430.0, '$160,378')]
2026-02-25 19:21:51,105 - __main__ - INFO - ⏸️ No signal - Reasons: GEX $288,635 at 420.0 - no clear signal
2026-02-25 19:21:51,105 - __main__ - INFO - 
==================================================
2026-02-25 19:21:51,105 - __main__ - INFO - Scanning AMD
2026-02-25 19:21:51,105 - __main__ - INFO - ==================================================
2026-02-25 19:21:51,427 - __main__ - INFO - Price: $210.86
2026-02-25 19:21:51,766 - __main__ - INFO - Using expiration: 2026-02-27 (2 days)
2026-02-25 19:21:51,776 - __main__ - INFO - Key GEX levels: [(192.5, '$167,894'), (210.0, '$97,404'), (215.0, '$74,473')]
2026-02-25 19:21:51,778 - __main__ - INFO - ⏸️ No signal - Reasons: GEX $97,404 at 210.0 - no clear signal
2026-02-25 19:21:51,778 - __main__ - INFO - 
==================================================
2026-02-25 19:21:51,778 - __main__ - INFO - Scanning AAPL
2026-02-25 19:21:51,778 - __main__ - INFO - ==================================================
2026-02-25 19:21:52,012 - __main__ - INFO - Price: $274.23
2026-02-25 19:21:52,253 - __main__ - INFO - Using expiration: 2026-02-27 (2 days)
2026-02-25 19:21:52,269 - __main__ - INFO - Key GEX levels: [(275.0, '$598,083'), (280.0, '$435,809'), (270.0, '$241,381')]
2026-02-25 19:21:52,273 - __main__ - INFO - ⏸️ No signal - Reasons: GEX $598,083 at 275.0 - no clear signal
2026-02-25 19:21:52,274 - __main__ - INFO - 
==================================================
2026-02-25 19:21:52,274 - __main__ - INFO - Scanning MSFT
2026-02-25 19:21:52,274 - __main__ - INFO - ==================================================
2026-02-25 19:21:52,478 - __main__ - INFO - Price: $400.60
2026-02-25 19:21:52,690 - __main__ - INFO - Using expiration: 2026-02-27 (2 days)
2026-02-25 19:21:52,708 - __main__ - INFO - Key GEX levels: [(400.0, '$332,517'), (405.0, '$169,982'), (395.0, '$163,817')]
2026-02-25 19:21:52,711 - __main__ - INFO - ⏸️ No signal - Reasons: GEX $332,517 at 400.0 - no clear signal
2026-02-25 19:21:52,711 - __main__ - INFO - 
==================================================
2026-02-25 19:21:52,711 - __main__ - INFO - Scanning AMZN
2026-02-25 19:21:52,711 - __main__ - INFO - ==================================================
2026-02-25 19:21:52,909 - __main__ - INFO - Price: $210.64
2026-02-25 19:21:53,125 - __main__ - INFO - Using expiration: 2026-02-27 (2 days)
2026-02-25 19:21:53,138 - __main__ - INFO - Key GEX levels: [(215.0, '$351,380'), (210.0, '$317,388'), (212.5, '$260,505')]
2026-02-25 19:21:53,142 - __main__ - INFO - ⏸️ No signal - Reasons: GEX $317,388 at 210.0 - no clear signal
2026-02-25 19:21:53,142 - __main__ - INFO - 
==================================================
2026-02-25 19:21:53,143 - __main__ - INFO - Scanning META
2026-02-25 19:21:53,143 - __main__ - INFO - ==================================================
2026-02-25 19:21:53,409 - __main__ - INFO - Price: $653.69
2026-02-25 19:21:53,643 - __main__ - INFO - Using expiration: 2026-02-27 (2 days)
2026-02-25 19:21:53,668 - __main__ - INFO - Key GEX levels: [(650.0, '$95,047'), (660.0, '$75,265'), (665.0, '$46,869')]
2026-02-25 19:21:53,671 - __main__ - INFO - ⏸️ No signal - Reasons: GEX $95,047 at 650.0 - no clear signal
2026-02-25 19:21:53,671 - __main__ - INFO - 
==================================================
2026-02-25 19:21:53,671 - __main__ - INFO - Scanning GOOGL
2026-02-25 19:21:53,671 - __main__ - INFO - ==================================================
2026-02-25 19:21:53,908 - __main__ - INFO - Price: $312.90
2026-02-25 19:21:54,152 - __main__ - INFO - Using expiration: 2026-02-27 (2 days)
2026-02-25 19:21:54,168 - __main__ - INFO - Key GEX levels: [(310.0, '$139,289'), (315.0, '$123,997'), (317.5, '$92,652')]
2026-02-25 19:21:54,172 - __main__ - INFO - ⏸️ No signal - Reasons: GEX $123,997 at 315.0 - no clear signal
2026-02-25 19:21:54,173 - __main__ - INFO - 
============================================================
2026-02-25 19:21:54,173 - __main__ - INFO - SCAN COMPLETE
2026-02-25 19:21:54,173 - __main__ - INFO - Total scanned: 10
2026-02-25 19:21:54,173 - __main__ - INFO - Signals generated: 0
2026-02-25 19:21:54,173 - __main__ - INFO - ============================================================

2026-02-25 19:22:43,187 - __main__ - INFO - Signal database initialized at /Users/Honeybot/.openclaw/workspace/trading/signals.db
2026-02-25 19:22:43,188 - __main__ - INFO - 
============================================================
2026-02-25 19:22:43,188 - __main__ - INFO - MULTI-TICKER GEX SCAN - 2026-02-25 19:22
2026-02-25 19:22:43,188 - __main__ - INFO - Watchlist: SPY, QQQ, NVDA, TSLA, AMD, AAPL, MSFT, AMZN, META, GOOGL
2026-02-25 19:22:43,188 - __main__ - INFO - ============================================================

2026-02-25 19:22:43,188 - __main__ - INFO - 
==================================================
2026-02-25 19:22:43,188 - __main__ - INFO - Scanning SPY
2026-02-25 19:22:43,188 - __main__ - INFO - ==================================================
2026-02-25 19:22:44,178 - __main__ - INFO - Price: $693.15
2026-02-25 19:22:44,402 - __main__ - INFO - Using expiration: 2026-02-26 (1 days)
2026-02-25 19:22:44,429 - __main__ - INFO - Key GEX levels: [(695.0, '$243,522'), (690.0, '$187,320'), (698.0, '$181,863')]
2026-02-25 19:22:44,434 - __main__ - INFO - ⏸️ No signal - Reasons: GEX $243,522 at 695.0 - no clear signal
2026-02-25 19:22:44,434 - __main__ - INFO - 
==================================================
2026-02-25 19:22:44,434 - __main__ - INFO - Scanning QQQ
2026-02-25 19:22:44,435 - __main__ - INFO - ==================================================
2026-02-25 19:22:44,693 - __main__ - INFO - Price: $616.68
2026-02-25 19:22:44,907 - __main__ - INFO - Using expiration: 2026-02-26 (1 days)
2026-02-25 19:22:44,925 - __main__ - INFO - Key GEX levels: [(620.0, '$92,159'), (623.0, '$84,334'), (615.0, '$78,544')]
2026-02-25 19:22:44,929 - __main__ - INFO - ⏸️ No signal - Reasons: GEX $78,544 at 615.0 - no clear signal
2026-02-25 19:22:44,929 - __main__ - INFO - 
==================================================
2026-02-25 19:22:44,929 - __main__ - INFO - Scanning NVDA
2026-02-25 19:22:44,929 - __main__ - INFO - ==================================================
2026-02-25 19:22:45,030 - __main__ - INFO - Price: $195.56
2026-02-25 19:22:45,325 - __main__ - INFO - Using expiration: 2026-02-27 (2 days)
2026-02-25 19:22:45,346 - __main__ - INFO - Key GEX levels: [(200.0, '$578,627'), (195.0, '$524,953'), (190.0, '$361,687')]
2026-02-25 19:22:45,350 - __main__ - INFO - ⏸️ No signal - Reasons: GEX $524,953 at 195.0 - no clear signal
2026-02-25 19:22:45,350 - __main__ - INFO - 
==================================================
2026-02-25 19:22:45,350 - __main__ - INFO - Scanning TSLA
2026-02-25 19:22:45,350 - __main__ - INFO - ==================================================
2026-02-25 19:22:45,438 - __main__ - INFO - Price: $417.40
2026-02-25 19:22:45,731 - __main__ - INFO - Using expiration: 2026-02-27 (2 days)
2026-02-25 19:22:45,752 - __main__ - INFO - Key GEX levels: [(420.0, '$288,635'), (425.0, '$234,888'), (430.0, '$160,378')]
2026-02-25 19:22:45,755 - __main__ - INFO - ⏸️ No signal - Reasons: GEX $288,635 at 420.0 - no clear signal
2026-02-25 19:22:45,755 - __main__ - INFO - 
==================================================
2026-02-25 19:22:45,755 - __main__ - INFO - Scanning AMD
2026-02-25 19:22:45,755 - __main__ - INFO - ==================================================
2026-02-25 19:22:45,857 - __main__ - INFO - Price: $210.86
2026-02-25 19:22:46,065 - __main__ - INFO - Using expiration: 2026-02-27 (2 days)
2026-02-25 19:22:46,089 - __main__ - INFO - Key GEX levels: [(192.5, '$167,894'), (210.0, '$97,404'), (215.0, '$74,473')]
2026-02-25 19:22:46,092 - __main__ - INFO - ⏸️ No signal - Reasons: GEX $97,404 at 210.0 - no clear signal
2026-02-25 19:22:46,093 - __main__ - INFO - 
==================================================
2026-02-25 19:22:46,093 - __main__ - INFO - Scanning AAPL
2026-02-25 19:22:46,093 - __main__ - INFO - ==================================================
2026-02-25 19:22:46,269 - __main__ - INFO - Price: $274.23
2026-02-25 19:22:46,459 - __main__ - INFO - Using expiration: 2026-02-27 (2 days)
2026-02-25 19:22:46,474 - __main__ - INFO - Key GEX levels: [(275.0, '$598,083'), (280.0, '$435,809'), (270.0, '$241,381')]
2026-02-25 19:22:46,478 - __main__ - INFO - ⏸️ No signal - Reasons: GEX $598,083 at 275.0 - no clear signal
2026-02-25 19:22:46,478 - __main__ - INFO - 
==================================================
2026-02-25 19:22:46,478 - __main__ - INFO - Scanning MSFT
2026-02-25 19:22:46,478 - __main__ - INFO - ==================================================
2026-02-25 19:22:46,592 - __main__ - INFO - Price: $400.60
2026-02-25 19:22:46,885 - __main__ - INFO - Using expiration: 2026-02-27 (2 days)
2026-02-25 19:22:46,903 - __main__ - INFO - Key GEX levels: [(400.0, '$332,517'), (405.0, '$169,982'), (395.0, '$163,817')]
2026-02-25 19:22:46,906 - __main__ - INFO - ⏸️ No signal - Reasons: GEX $332,517 at 400.0 - no clear signal
2026-02-25 19:22:46,907 - __main__ - INFO - 
==================================================
2026-02-25 19:22:46,907 - __main__ - INFO - Scanning AMZN
2026-02-25 19:22:46,907 - __main__ - INFO - ==================================================
2026-02-25 19:22:47,003 - __main__ - INFO - Price: $210.64
2026-02-25 19:22:47,204 - __main__ - INFO - Using expiration: 2026-02-27 (2 days)
2026-02-25 19:22:47,222 - __main__ - INFO - Key GEX levels: [(215.0, '$351,380'), (210.0, '$317,388'), (212.5, '$260,505')]
2026-02-25 19:22:47,227 - __main__ - INFO - ⏸️ No signal - Reasons: GEX $317,388 at 210.0 - no clear signal
2026-02-25 19:22:47,228 - __main__ - INFO - 
==================================================
2026-02-25 19:22:47,228 - __main__ - INFO - Scanning META
2026-02-25 19:22:47,228 - __main__ - INFO - ==================================================
2026-02-25 19:22:47,372 - __main__ - INFO - Price: $653.69
2026-02-25 19:22:47,616 - __main__ - INFO - Using expiration: 2026-02-27 (2 days)
2026-02-25 19:22:47,640 - __main__ - INFO - Key GEX levels: [(650.0, '$95,047'), (660.0, '$75,265'), (665.0, '$46,869')]
2026-02-25 19:22:47,643 - __main__ - INFO - ⏸️ No signal - Reasons: GEX $95,047 at 650.0 - no clear signal
2026-02-25 19:22:47,644 - __main__ - INFO - 
==================================================
2026-02-25 19:22:47,644 - __main__ - INFO - Scanning GOOGL
2026-02-25 19:22:47,644 - __main__ - INFO - ==================================================
2026-02-25 19:22:47,733 - __main__ - INFO - Price: $312.90
2026-02-25 19:22:48,029 - __main__ - INFO - Using expiration: 2026-02-27 (2 days)
2026-02-25 19:22:48,047 - __main__ - INFO - Key GEX levels: [(310.0, '$139,289'), (315.0, '$123,997'), (317.5, '$92,652')]
2026-02-25 19:22:48,050 - __main__ - INFO - ⏸️ No signal - Reasons: GEX $123,997 at 315.0 - no clear signal
2026-02-25 19:22:48,050 - __main__ - INFO - 
============================================================
2026-02-25 19:22:48,050 - __main__ - INFO - SCAN COMPLETE
2026-02-25 19:22:48,050 - __main__ - INFO - Total scanned: 10
2026-02-25 19:22:48,050 - __main__ - INFO - Signals generated: 0
2026-02-25 19:22:48,050 - __main__ - INFO - ============================================================

2026-02-25 19:23:42,687 - __main__ - INFO - Signal database initialized at /Users/Honeybot/.openclaw/workspace/trading/signals.db
2026-02-25 19:23:42,688 - __main__ - INFO - 
============================================================
2026-02-25 19:23:42,688 - __main__ - INFO - MULTI-TICKER GEX SCAN - 2026-02-25 19:23
2026-02-25 19:23:42,688 - __main__ - INFO - Watchlist: SPY, QQQ, NVDA, TSLA, AMD, AAPL, MSFT, AMZN, META, GOOGL
2026-02-25 19:23:42,688 - __main__ - INFO - ============================================================

2026-02-25 19:23:42,688 - __main__ - INFO - 
==================================================
2026-02-25 19:23:42,688 - __main__ - INFO - Scanning SPY
2026-02-25 19:23:42,688 - __main__ - INFO - ==================================================
2026-02-25 19:23:43,068 - __main__ - INFO - Price: $693.15
2026-02-25 19:23:43,400 - __main__ - INFO - Using expiration: 2026-02-26 (1 days)
2026-02-25 19:23:43,422 - __main__ - INFO - Key GEX levels: [(695.0, '$243,522'), (690.0, '$187,320'), (698.0, '$181,863')]
2026-02-25 19:23:43,427 - __main__ - INFO - ⏸️ No signal - Reasons: GEX $243,522 at 695.0 - no clear signal
2026-02-25 19:23:43,427 - __main__ - INFO - 
==================================================
2026-02-25 19:23:43,427 - __main__ - INFO - Scanning QQQ
2026-02-25 19:23:43,427 - __main__ - INFO - ==================================================
2026-02-25 19:23:43,552 - __main__ - INFO - Price: $616.68
2026-02-25 19:23:43,760 - __main__ - INFO - Using expiration: 2026-02-26 (1 days)
2026-02-25 19:23:43,780 - __main__ - INFO - Key GEX levels: [(620.0, '$92,159'), (623.0, '$84,334'), (615.0, '$78,544')]
2026-02-25 19:23:43,783 - __main__ - INFO - ⏸️ No signal - Reasons: GEX $78,544 at 615.0 - no clear signal
2026-02-25 19:23:43,783 - __main__ - INFO - 
==================================================
2026-02-25 19:23:43,783 - __main__ - INFO - Scanning NVDA
2026-02-25 19:23:43,783 - __main__ - INFO - ==================================================
2026-02-25 19:23:43,935 - __main__ - INFO - Price: $195.56
2026-02-25 19:23:44,132 - __main__ - INFO - Using expiration: 2026-02-27 (2 days)
2026-02-25 19:23:44,139 - __main__ - INFO - Key GEX levels: [(200.0, '$578,627'), (195.0, '$524,953'), (190.0, '$361,687')]
2026-02-25 19:23:44,142 - __main__ - INFO - ⏸️ No signal - Reasons: GEX $524,953 at 195.0 - no clear signal
2026-02-25 19:23:44,142 - __main__ - INFO - 
==================================================
2026-02-25 19:23:44,142 - __main__ - INFO - Scanning TSLA
2026-02-25 19:23:44,142 - __main__ - INFO - ==================================================
2026-02-25 19:23:44,210 - __main__ - INFO - Price: $417.40
2026-02-25 19:23:44,449 - __main__ - INFO - Using expiration: 2026-02-27 (2 days)
2026-02-25 19:23:44,470 - __main__ - INFO - Key GEX levels: [(420.0, '$288,635'), (425.0, '$234,888'), (430.0, '$160,378')]
2026-02-25 19:23:44,473 - __main__ - INFO - ⏸️ No signal - Reasons: GEX $288,635 at 420.0 - no clear signal
2026-02-25 19:23:44,473 - __main__ - INFO - 
==================================================
2026-02-25 19:23:44,474 - __main__ - INFO - Scanning AMD
2026-02-25 19:23:44,474 - __main__ - INFO - ==================================================
2026-02-25 19:23:44,551 - __main__ - INFO - Price: $210.86
2026-02-25 19:23:44,791 - __main__ - INFO - Using expiration: 2026-02-27 (2 days)
2026-02-25 19:23:44,811 - __main__ - INFO - Key GEX levels: [(192.5, '$167,894'), (210.0, '$97,404'), (215.0, '$74,473')]
2026-02-25 19:23:44,814 - __main__ - INFO - ⏸️ No signal - Reasons: GEX $97,404 at 210.0 - no clear signal
2026-02-25 19:23:44,815 - __main__ - INFO - 
==================================================
2026-02-25 19:23:44,815 - __main__ - INFO - Scanning AAPL
2026-02-25 19:23:44,815 - __main__ - INFO - ==================================================
2026-02-25 19:23:44,985 - __main__ - INFO - Price: $274.23
2026-02-25 19:23:45,183 - __main__ - INFO - Using expiration: 2026-02-27 (2 days)
2026-02-25 19:23:45,199 - __main__ - INFO - Key GEX levels: [(275.0, '$598,083'), (280.0, '$435,809'), (270.0, '$241,381')]
2026-02-25 19:23:45,203 - __main__ - INFO - ⏸️ No signal - Reasons: GEX $598,083 at 275.0 - no clear signal
2026-02-25 19:23:45,204 - __main__ - INFO - 
==================================================
2026-02-25 19:23:45,204 - __main__ - INFO - Scanning MSFT
2026-02-25 19:23:45,204 - __main__ - INFO - ==================================================
2026-02-25 19:23:45,339 - __main__ - INFO - Price: $400.60
2026-02-25 19:23:45,600 - __main__ - INFO - Using expiration: 2026-02-27 (2 days)
2026-02-25 19:23:45,619 - __main__ - INFO - Key GEX levels: [(400.0, '$332,517'), (405.0, '$169,982'), (395.0, '$163,817')]
2026-02-25 19:23:45,622 - __main__ - INFO - ⏸️ No signal - Reasons: GEX $332,517 at 400.0 - no clear signal
2026-02-25 19:23:45,623 - __main__ - INFO - 
==================================================
2026-02-25 19:23:45,623 - __main__ - INFO - Scanning AMZN
2026-02-25 19:23:45,623 - __main__ - INFO - ==================================================
2026-02-25 19:23:45,709 - __main__ - INFO - Price: $210.64
2026-02-25 19:23:45,921 - __main__ - INFO - Using expiration: 2026-02-27 (2 days)
2026-02-25 19:23:45,938 - __main__ - INFO - Key GEX levels: [(215.0, '$351,380'), (210.0, '$317,388'), (212.5, '$260,505')]
2026-02-25 19:23:45,941 - __main__ - INFO - ⏸️ No signal - Reasons: GEX $317,388 at 210.0 - no clear signal
2026-02-25 19:23:45,941 - __main__ - INFO - 
==================================================
2026-02-25 19:23:45,941 - __main__ - INFO - Scanning META
2026-02-25 19:23:45,941 - __main__ - INFO - ==================================================
2026-02-25 19:23:46,092 - __main__ - INFO - Price: $653.69
2026-02-25 19:23:46,549 - __main__ - INFO - Using expiration: 2026-02-27 (2 days)
2026-02-25 19:23:46,573 - __main__ - INFO - Key GEX levels: [(650.0, '$95,047'), (660.0, '$75,265'), (665.0, '$46,869')]
2026-02-25 19:23:46,577 - __main__ - INFO - ⏸️ No signal - Reasons: GEX $95,047 at 650.0 - no clear signal
2026-02-25 19:23:46,577 - __main__ - INFO - 
==================================================
2026-02-25 19:23:46,577 - __main__ - INFO - Scanning GOOGL
2026-02-25 19:23:46,577 - __main__ - INFO - ==================================================
2026-02-25 19:23:46,667 - __main__ - INFO - Price: $312.90
2026-02-25 19:23:46,892 - __main__ - INFO - Using expiration: 2026-02-27 (2 days)
2026-02-25 19:23:46,911 - __main__ - INFO - Key GEX levels: [(310.0, '$139,289'), (315.0, '$123,997'), (317.5, '$92,652')]
2026-02-25 19:23:46,916 - __main__ - INFO - ⏸️ No signal - Reasons: GEX $123,997 at 315.0 - no clear signal
2026-02-25 19:23:46,916 - __main__ - INFO - 
============================================================
2026-02-25 19:23:46,916 - __main__ - INFO - SCAN COMPLETE
2026-02-25 19:23:46,916 - __main__ - INFO - Total scanned: 10
2026-02-25 19:23:46,916 - __main__ - INFO - Signals generated: 0
2026-02-25 19:23:46,916 - __main__ - INFO - ============================================================

