2026-02-25 16:56:18,740 - INFO - ============================================================
2026-02-25 16:56:18,740 - INFO - SPY GEX BOT - INITIALIZING
2026-02-25 16:56:18,740 - INFO - ============================================================
2026-02-25 16:56:19,428 - INFO - SPY Current Price: $693.15
2026-02-25 16:56:19,838 - INFO - Options Expiration: 2026-02-26 (0 days)
2026-02-25 16:56:19,854 - INFO - 
🔑 KEY GEX LEVELS:
2026-02-25 16:56:19,854 - INFO - ----------------------------------------
2026-02-25 16:56:19,854 - INFO -   Strike: $500.00 | GEX: $0
2026-02-25 16:56:19,854 - INFO -   Strike: $505.00 | GEX: $0
2026-02-25 16:56:19,854 - INFO -   Strike: $510.00 | GEX: $0
2026-02-25 16:56:19,854 - INFO -   Strike: $515.00 | GEX: $0
2026-02-25 16:56:19,855 - INFO -   Strike: $520.00 | GEX: $0
2026-02-25 16:56:19,859 - INFO - 
📊 TECHNICAL ANALYSIS:
2026-02-25 16:56:19,859 - INFO - ----------------------------------------
2026-02-25 16:56:19,859 - INFO -   RSI: 59.6
2026-02-25 16:56:19,859 - INFO -   EMA21: $687.76 | Above: True
2026-02-25 16:56:19,859 - INFO -   EMA50: $687.11 | Above: True
2026-02-25 16:56:19,859 - INFO -   Volume Ratio: 0.64x
2026-02-25 16:56:19,859 - INFO - 
🎯 SIGNAL GENERATED:
2026-02-25 16:56:19,859 - INFO - ----------------------------------------
2026-02-25 16:56:19,859 - INFO -   Action: HOLD ⏸️
2026-02-25 16:56:19,859 - INFO -   Confidence: 0%
2026-02-25 16:56:19,859 - INFO -   Reasons: GEX level at 520.0 ($0) - no clear signal | Price 24.98% from level | RSI: 59.6
2026-02-25 16:56:19,860 - INFO - 
✅ Results saved to output/
2026-02-25 16:56:19,860 - INFO - ============================================================
2026-02-25 16:56:51,876 - INFO - ============================================================
2026-02-25 16:56:51,876 - INFO - SPY GEX BOT - INITIALIZING
2026-02-25 16:56:51,876 - INFO - ============================================================
2026-02-25 16:56:52,501 - INFO - SPY Current Price: $693.15
2026-02-25 16:56:52,836 - INFO - Options Expiration: 2026-02-26 (0 days)
2026-02-25 16:56:52,855 - INFO - 
🔑 KEY GEX LEVELS:
2026-02-25 16:56:52,855 - INFO - ----------------------------------------
2026-02-25 16:56:52,855 - INFO -   Strike: $500.00 | GEX: $0
2026-02-25 16:56:52,855 - INFO -   Strike: $505.00 | GEX: $0
2026-02-25 16:56:52,855 - INFO -   Strike: $510.00 | GEX: $0
2026-02-25 16:56:52,855 - INFO -   Strike: $515.00 | GEX: $0
2026-02-25 16:56:52,855 - INFO -   Strike: $520.00 | GEX: $0
2026-02-25 16:56:52,858 - INFO - 
📊 TECHNICAL ANALYSIS:
2026-02-25 16:56:52,858 - INFO - ----------------------------------------
2026-02-25 16:56:52,858 - INFO -   RSI: 59.6
2026-02-25 16:56:52,858 - INFO -   EMA21: $687.76 | Above: True
2026-02-25 16:56:52,858 - INFO -   EMA50: $687.11 | Above: True
2026-02-25 16:56:52,858 - INFO -   Volume Ratio: 0.64x
2026-02-25 16:56:52,858 - INFO - 
🎯 SIGNAL GENERATED:
2026-02-25 16:56:52,858 - INFO - ----------------------------------------
2026-02-25 16:56:52,858 - INFO -   Action: HOLD ⏸️
2026-02-25 16:56:52,858 - INFO -   Confidence: 0%
2026-02-25 16:56:52,858 - INFO -   Reasons: GEX level at 520.0 ($0) - no clear signal | Price 24.98% from level | RSI: 59.6
2026-02-25 16:56:52,859 - INFO - 
✅ Results saved to output/
2026-02-25 16:56:52,859 - INFO - ============================================================
2026-02-25 16:57:21,785 - INFO - ============================================================
2026-02-25 16:57:21,786 - INFO - SPY GEX BOT - INITIALIZING
2026-02-25 16:57:21,786 - INFO - ============================================================
2026-02-25 16:57:23,235 - INFO - SPY Current Price: $693.15
2026-02-25 16:57:23,867 - INFO - Options Expiration: 2026-02-26 (1 days)
2026-02-25 16:57:23,896 - INFO - 
🔑 KEY GEX LEVELS:
2026-02-25 16:57:23,896 - INFO - ----------------------------------------
2026-02-25 16:57:23,896 - INFO -   Strike: $695.00 | GEX: $242,778
2026-02-25 16:57:23,896 - INFO -   Strike: $690.00 | GEX: $188,011
2026-02-25 16:57:23,896 - INFO -   Strike: $698.00 | GEX: $179,813
2026-02-25 16:57:23,896 - INFO -   Strike: $696.00 | GEX: $177,432
2026-02-25 16:57:23,896 - INFO -   Strike: $700.00 | GEX: $158,574
2026-02-25 16:57:23,899 - INFO - 
📊 TECHNICAL ANALYSIS:
2026-02-25 16:57:23,899 - INFO - ----------------------------------------
2026-02-25 16:57:23,899 - INFO -   RSI: 59.6
2026-02-25 16:57:23,899 - INFO -   EMA21: $687.76 | Above: True
2026-02-25 16:57:23,899 - INFO -   EMA50: $687.11 | Above: True
2026-02-25 16:57:23,899 - INFO -   Volume Ratio: 0.64x
2026-02-25 16:57:23,900 - INFO - 
🎯 SIGNAL GENERATED:
2026-02-25 16:57:23,900 - INFO - ----------------------------------------
2026-02-25 16:57:23,900 - INFO -   Action: HOLD ⏸️
2026-02-25 16:57:23,900 - INFO -   Confidence: 0%
2026-02-25 16:57:23,900 - INFO -   Reasons: GEX level at 695.0 ($242,778) - no clear signal | Price 0.27% from level | RSI: 59.6
2026-02-25 16:57:23,901 - INFO - 
✅ Results saved to output/
2026-02-25 16:57:23,901 - INFO - ============================================================
